2022-05-25 13:36:36.922 [main] INFO  com.tcs.testCases.LoginTest -
                    TestLogin is running
2022-05-25 13:36:36.986 [main] INFO  com.tcs.PageObjects.LoginPage -
                    Entered value in search text box
2022-05-25 13:36:41.281 [main] INFO  com.tcs.PageObjects.LoginPage -
                    clicked seach button
2022-05-25 13:40:07.517 [main] INFO  com.tcs.testCases.LoginTest -
                    TestLogin is running
2022-05-25 13:40:07.608 [main] INFO  com.tcs.PageObjects.LoginPage -
                    Entered value in search text box
2022-05-25 13:40:11.691 [main] INFO  com.tcs.PageObjects.LoginPage -
                    clicked seach button
2022-05-25 13:44:05.812 [main] INFO  com.tcs.testCases.LoginTest -
                    TestLogin is running
2022-05-25 13:44:05.898 [main] INFO  com.tcs.PageObjects.LoginPage -
                    Entered value in search text box
2022-05-25 13:44:10.389 [main] INFO  com.tcs.PageObjects.LoginPage -
                    clicked seach button
2022-05-25 21:20:58.501 [main] INFO  com.tcs.testCases.LoginTest -
                    TestLogin is running
2022-05-25 21:20:58.635 [main] INFO  com.tcs.PageObjects.LoginPage -
                    Entered value in search text box
2022-05-25 21:21:03.194 [main] INFO  com.tcs.PageObjects.LoginPage -
                    clicked seach button
2022-05-25 21:29:45.181 [main] INFO  com.tcs.testCases.LoginTest -
                    TestLogin is running
2022-05-25 21:29:45.288 [main] INFO  com.tcs.PageObjects.LoginPage -
                    Entered value in search text box
2022-05-25 21:29:49.625 [main] INFO  com.tcs.PageObjects.LoginPage -
                    clicked seach button
2022-05-25 21:31:05.906 [main] INFO  com.tcs.testCases.LoginTest -
                    TestLogin is running
2022-05-25 21:31:06.015 [main] INFO  com.tcs.PageObjects.LoginPage -
                    Entered value in search text box
2022-05-25 21:31:10.209 [main] INFO  com.tcs.PageObjects.LoginPage -
                    clicked seach button
2022-05-25 21:58:34.877 [main] INFO  com.tcs.testCases.LoginTest -
                    TestLogin is running
2022-05-25 21:58:35.020 [main] INFO  com.tcs.PageObjects.LoginPage -
                    Entered value in search text box
2022-05-25 21:58:39.296 [main] INFO  com.tcs.PageObjects.LoginPage -
                    clicked seach button
2022-05-25 22:02:02.890 [main] INFO  com.tcs.testCases.LoginTest -
                    TestLogin is running
2022-05-25 22:02:02.984 [main] INFO  com.tcs.PageObjects.LoginPage -
                    Entered value in search text box
2022-05-25 22:02:07.276 [main] INFO  com.tcs.PageObjects.LoginPage -
                    clicked seach button
2022-05-25 22:05:06.261 [main] INFO  com.tcs.testCases.LoginTest -
                    TestLogin is running
2022-05-25 22:05:06.422 [main] INFO  com.tcs.PageObjects.LoginPage -
                    Entered value in search text box
2022-05-25 22:05:11.045 [main] INFO  com.tcs.PageObjects.LoginPage -
                    clicked seach button
2022-05-27 16:34:00.180 [main] INFO  com.tcs.testCases.LoginTest -
                    TestLogin is running
2022-05-27 16:34:00.329 [main] INFO  com.tcs.PageObjects.LoginPage -
                    Entered value in search text box
2022-05-27 16:34:04.681 [main] INFO  com.tcs.PageObjects.LoginPage -
                    clicked seach button
2022-05-27 16:37:34.564 [main] INFO  com.tcs.testCases.LoginTest -
                    TestLogin is running
2022-05-27 16:37:34.722 [main] INFO  com.tcs.PageObjects.LoginPage -
                    Entered value in search text box
2022-05-27 16:37:38.941 [main] INFO  com.tcs.PageObjects.LoginPage -
                    clicked seach button
2022-05-29 23:30:13.981 [main] INFO  com.tcs.testCases.LoginTest -
                    TestLogin is running
2022-05-29 23:30:14.157 [main] INFO  com.tcs.PageObjects.LoginPage -
                    Entered username
2022-05-29 23:30:14.315 [main] INFO  com.tcs.PageObjects.LoginPage -
                    Entered password
2022-05-29 23:32:15.888 [main] INFO  com.tcs.testCases.LoginTest -
                    TestLogin is running
2022-05-29 23:32:16.066 [main] INFO  com.tcs.PageObjects.LoginPage -
                    Entered username
2022-05-29 23:32:16.260 [main] INFO  com.tcs.PageObjects.LoginPage -
                    Entered password
2022-05-29 23:34:27.614 [main] INFO  com.tcs.testCases.LoginTest -
                    TestLogin is running
2022-05-29 23:34:27.795 [main] INFO  com.tcs.PageObjects.LoginPage -
                    Entered username
2022-05-29 23:34:27.944 [main] INFO  com.tcs.PageObjects.LoginPage -
                    Entered password
2022-05-29 23:35:20.594 [main] INFO  com.tcs.testCases.LoginTest -
                    TestLogin is running
2022-05-29 23:35:20.778 [main] INFO  com.tcs.PageObjects.LoginPage -
                    Entered username
2022-05-29 23:35:20.966 [main] INFO  com.tcs.PageObjects.LoginPage -
                    Entered password
2022-05-30 15:07:20.650 [main] INFO  com.tcs.testCases.LoginTest -
                    TestLogin is running
2022-05-30 15:07:20.806 [main] INFO  com.tcs.PageObjects.LoginPage -
                    Entered username
2022-05-30 15:07:20.962 [main] INFO  com.tcs.PageObjects.LoginPage -
                    Entered password
2022-05-30 15:08:15.174 [main] INFO  com.tcs.testCases.LoginTest -
                    TestLogin is running
2022-05-30 15:08:15.336 [main] INFO  com.tcs.PageObjects.LoginPage -
                    Entered username
2022-05-30 15:08:15.483 [main] INFO  com.tcs.PageObjects.LoginPage -
                    Entered password
2022-05-30 15:35:01.932 [main] INFO  com.tcs.testCases.LoginTest -
                    TestLogin is running
2022-05-30 15:35:02.097 [main] INFO  com.tcs.PageObjects.LoginPage -
                    Entered username
2022-05-30 15:35:02.245 [main] INFO  com.tcs.PageObjects.LoginPage -
                    Entered password
2022-05-30 15:35:24.306 [main] INFO  com.tcs.testCases.LoginTest -
                    TestLogin is running
2022-05-30 15:35:24.469 [main] INFO  com.tcs.PageObjects.LoginPage -
                    Entered username
2022-05-30 15:35:24.644 [main] INFO  com.tcs.PageObjects.LoginPage -
                    Entered password
2022-05-30 15:35:36.596 [main] INFO  com.tcs.testCases.LoginTest -
                    TestLogin is running
2022-05-30 15:35:36.752 [main] INFO  com.tcs.PageObjects.LoginPage -
                    Entered username
2022-05-30 15:35:36.900 [main] INFO  com.tcs.PageObjects.LoginPage -
                    Entered password
2022-05-30 16:48:11.386 [main] INFO  com.tcs.testCases.LoginTest -
                    TestLogin is running
2022-05-30 16:48:11.618 [main] INFO  com.tcs.PageObjects.LoginPage -
                    Entered username
2022-05-30 16:48:11.814 [main] INFO  com.tcs.PageObjects.LoginPage -
                    Entered password
2022-05-31 00:14:10.214 [main] INFO  com.tcs.PageObjects.LoginPage -
                    Entered username
2022-05-31 00:14:10.444 [main] INFO  com.tcs.PageObjects.LoginPage -
                    Entered password
2022-05-31 00:17:27.282 [main] INFO  com.tcs.PageObjects.LoginPage -
                    Entered username
2022-05-31 00:17:27.482 [main] INFO  com.tcs.PageObjects.LoginPage -
                    Entered password
2022-05-31 00:32:35.143 [main] INFO  com.tcs.PageObjects.LoginPage -
                    Entered username
2022-05-31 00:32:35.399 [main] INFO  com.tcs.PageObjects.LoginPage -
                    Entered password
2022-05-31 00:38:59.780 [main] INFO  com.tcs.PageObjects.LoginPage -
                    Entered username
2022-05-31 00:39:00.016 [main] INFO  com.tcs.PageObjects.LoginPage -
                    Entered password
2022-05-31 00:44:30.596 [main] INFO  com.tcs.PageObjects.LoginPage -
                    Entered username
2022-05-31 00:44:30.854 [main] INFO  com.tcs.PageObjects.LoginPage -
                    Entered password
2022-05-31 00:49:21.053 [main] INFO  com.tcs.PageObjects.LoginPage -
                    Entered username
2022-05-31 00:49:21.277 [main] INFO  com.tcs.PageObjects.LoginPage -
                    Entered password
2022-05-31 00:49:54.527 [main] INFO  com.tcs.PageObjects.LoginPage -
                    Entered username
2022-05-31 00:49:54.759 [main] INFO  com.tcs.PageObjects.LoginPage -
                    Entered password
2022-05-31 00:51:51.218 [main] INFO  com.tcs.PageObjects.LoginPage -
                    Entered username
2022-05-31 00:51:51.458 [main] INFO  com.tcs.PageObjects.LoginPage -
                    Entered password
2022-05-31 00:52:55.901 [main] INFO  com.tcs.PageObjects.LoginPage -
                    Entered username
2022-05-31 00:52:56.134 [main] INFO  com.tcs.PageObjects.LoginPage -
                    Entered password
2022-05-31 01:00:26.527 [main] INFO  com.tcs.PageObjects.LoginPage -
                    Entered username
2022-05-31 01:00:26.764 [main] INFO  com.tcs.PageObjects.LoginPage -
                    Entered password
2022-05-31 01:05:05.915 [main] INFO  com.tcs.PageObjects.LoginPage -
                    Entered username
2022-05-31 01:05:06.146 [main] INFO  com.tcs.PageObjects.LoginPage -
                    Entered password
2022-05-31 01:10:53.562 [main] INFO  com.tcs.PageObjects.LoginPage -
                    Entered username
2022-05-31 01:10:53.818 [main] INFO  com.tcs.PageObjects.LoginPage -
                    Entered password
2022-05-31 01:15:04.307 [main] INFO  com.tcs.PageObjects.LoginPage -
                    Entered username
2022-05-31 01:15:04.531 [main] INFO  com.tcs.PageObjects.LoginPage -
                    Entered password
2022-05-31 01:19:16.010 [main] INFO  com.tcs.PageObjects.LoginPage -
                    Entered username
2022-05-31 01:19:16.235 [main] INFO  com.tcs.PageObjects.LoginPage -
                    Entered password
2022-05-31 01:20:22.231 [main] INFO  com.tcs.PageObjects.LoginPage -
                    Entered username
2022-05-31 01:20:22.454 [main] INFO  com.tcs.PageObjects.LoginPage -
                    Entered password
2022-05-31 01:22:00.763 [main] INFO  com.tcs.testCases.LoginTest -
                    TestLogin is running
2022-05-31 01:22:01.049 [main] INFO  com.tcs.PageObjects.LoginPage -
                    Entered username
2022-05-31 01:22:01.267 [main] INFO  com.tcs.PageObjects.LoginPage -
                    Entered password
2022-05-31 01:22:41.270 [main] INFO  com.tcs.PageObjects.LoginPage -
                    Entered username
2022-05-31 01:22:41.541 [main] INFO  com.tcs.PageObjects.LoginPage -
                    Entered password
2022-05-31 01:23:21.996 [main] INFO  com.tcs.PageObjects.LoginPage -
                    Entered username
2022-05-31 01:23:22.247 [main] INFO  com.tcs.PageObjects.LoginPage -
                    Entered password
2022-05-31 10:28:14.571 [main] INFO  com.tcs.PageObjects.LoginPage -
                    Entered username
2022-05-31 10:28:14.716 [main] INFO  com.tcs.PageObjects.LoginPage -
                    Entered password
2022-05-31 10:33:59.662 [main] INFO  com.tcs.PageObjects.LoginPage -
                    Entered username
2022-05-31 10:33:59.822 [main] INFO  com.tcs.PageObjects.LoginPage -
                    Entered password
2022-05-31 10:35:48.379 [main] INFO  com.tcs.PageObjects.LoginPage -
                    Entered username
2022-05-31 10:35:48.529 [main] INFO  com.tcs.PageObjects.LoginPage -
                    Entered password
2022-05-31 10:38:45.856 [main] INFO  com.tcs.PageObjects.LoginPage -
                    Entered username
2022-05-31 10:38:46.015 [main] INFO  com.tcs.PageObjects.LoginPage -
                    Entered password
2022-05-31 10:40:23.925 [main] INFO  com.tcs.PageObjects.LoginPage -
                    Entered username
2022-05-31 10:40:24.146 [main] INFO  com.tcs.PageObjects.LoginPage -
                    Entered password
2022-05-31 10:44:38.129 [main] INFO  com.tcs.PageObjects.LoginPage -
                    Entered username
2022-05-31 10:44:38.303 [main] INFO  com.tcs.PageObjects.LoginPage -
                    Entered password
2022-05-31 10:45:52.329 [main] INFO  com.tcs.PageObjects.LoginPage -
                    Entered username
2022-05-31 10:45:52.479 [main] INFO  com.tcs.PageObjects.LoginPage -
                    Entered password
2022-05-31 10:46:35.038 [main] INFO  com.tcs.PageObjects.LoginPage -
                    Entered username
2022-05-31 10:46:35.199 [main] INFO  com.tcs.PageObjects.LoginPage -
                    Entered password
2022-05-31 10:48:50.184 [main] INFO  com.tcs.PageObjects.LoginPage -
                    Entered username
2022-05-31 10:48:50.343 [main] INFO  com.tcs.PageObjects.LoginPage -
                    Entered password
2022-05-31 10:56:37.997 [main] INFO  com.tcs.PageObjects.LoginPage -
                    Entered username
2022-05-31 10:56:38.156 [main] INFO  com.tcs.PageObjects.LoginPage -
                    Entered password
2022-05-31 11:06:01.132 [main] INFO  com.tcs.PageObjects.LoginPage -
                    Entered username
2022-05-31 11:06:01.272 [main] INFO  com.tcs.PageObjects.LoginPage -
                    Entered password
2022-05-31 11:16:36.405 [main] INFO  com.tcs.PageObjects.LoginPage -
                    Entered username
2022-05-31 11:16:36.553 [main] INFO  com.tcs.PageObjects.LoginPage -
                    Entered password
2022-05-31 11:29:14.639 [main] INFO  com.tcs.PageObjects.LoginPage -
                    Entered username
2022-05-31 11:29:14.787 [main] INFO  com.tcs.PageObjects.LoginPage -
                    Entered password
2022-05-31 11:41:32.644 [main] INFO  com.tcs.PageObjects.LoginPage -
                    Entered username
2022-05-31 11:41:32.849 [main] INFO  com.tcs.PageObjects.LoginPage -
                    Entered password
2022-05-31 11:47:24.607 [main] INFO  com.tcs.PageObjects.LoginPage -
                    Entered username
2022-05-31 11:47:24.754 [main] INFO  com.tcs.PageObjects.LoginPage -
                    Entered password
2022-06-02 18:14:52.968 [main] INFO  com.tcs.testCases.LoginTest -
                    TestLogin is running
2022-06-02 18:14:53.262 [main] INFO  com.tcs.PageObjects.LoginPage -
                    Entered username
2022-06-02 18:14:53.519 [main] INFO  com.tcs.PageObjects.LoginPage -
                    Entered password
2022-06-02 18:15:50.242 [main] INFO  com.tcs.testCases.LoginTest -
                    TestLogin is running
2022-06-02 18:15:50.510 [main] INFO  com.tcs.PageObjects.LoginPage -
                    Entered username
2022-06-02 18:15:50.709 [main] INFO  com.tcs.PageObjects.LoginPage -
                    Entered password
2022-06-02 22:05:37.900 [main] INFO  com.tcs.testCases.LoginTest -
                    TestLogin is running
2022-06-02 22:05:38.162 [main] INFO  com.tcs.PageObjects.LoginPage -
                    Entered username
2022-06-02 22:05:38.392 [main] INFO  com.tcs.PageObjects.LoginPage -
                    Entered password
2022-06-02 22:09:34.046 [main] INFO  com.tcs.testCases.LoginTest -
                    TestLogin is running
2022-06-02 22:09:34.315 [main] INFO  com.tcs.PageObjects.LoginPage -
                    Entered username
2022-06-02 22:09:34.591 [main] INFO  com.tcs.PageObjects.LoginPage -
                    Entered password
2022-06-02 22:09:35.782 [main] INFO  com.tcs.PageObjects.LoginPage -
                    Submit button clicked
2022-06-02 22:09:38.619 [main] INFO  com.tcs.PageObjects.LoginPage -
                    Submit button clicked
2022-06-02 22:11:40.562 [main] INFO  com.tcs.testCases.LoginTest -
                    TestLogin is running
2022-06-02 22:11:40.810 [main] INFO  com.tcs.PageObjects.LoginPage -
                    Entered username
2022-06-02 22:11:41.053 [main] INFO  com.tcs.PageObjects.LoginPage -
                    Entered password
2022-06-02 22:11:42.747 [main] INFO  com.tcs.PageObjects.LoginPage -
                    Submit button clicked
2022-06-02 22:11:45.021 [main] INFO  com.tcs.PageObjects.LoginPage -
                    Submit button clicked
2022-06-02 22:17:31.901 [main] INFO  com.tcs.PageObjects.LoginPage -
                    Entered username
2022-06-02 22:17:32.124 [main] INFO  com.tcs.PageObjects.LoginPage -
                    Entered password
2022-06-02 22:17:33.587 [main] INFO  com.tcs.PageObjects.LoginPage -
                    Submit button clicked
2022-06-02 22:17:35.896 [main] INFO  com.tcs.PageObjects.LoginPage -
                    Submit button clicked
2022-06-02 22:20:24.175 [main] INFO  com.tcs.PageObjects.LoginPage -
                    Entered username
2022-06-02 22:20:24.367 [main] INFO  com.tcs.PageObjects.LoginPage -
                    Entered password
2022-06-02 22:20:26.382 [main] INFO  com.tcs.PageObjects.LoginPage -
                    Submit button clicked
2022-06-02 22:20:28.404 [main] INFO  com.tcs.PageObjects.LoginPage -
                    Submit button clicked
2022-06-02 22:23:37.773 [main] INFO  com.tcs.PageObjects.LoginPage -
                    Entered username
2022-06-02 22:23:37.998 [main] INFO  com.tcs.PageObjects.LoginPage -
                    Entered password
2022-06-02 22:23:39.285 [main] INFO  com.tcs.PageObjects.LoginPage -
                    Submit button clicked
2022-06-03 16:24:55.558 [main] INFO  com.tcs.testCases.LoginTest -
                    TestLogin is running
2022-06-03 16:24:55.847 [main] INFO  com.tcs.PageObjects.LoginPage -
                    Entered username
2022-06-03 16:24:56.074 [main] INFO  com.tcs.PageObjects.LoginPage -
                    Entered password
2022-06-03 16:24:59.189 [main] INFO  com.tcs.PageObjects.LoginPage -
                    Submit button clicked
2022-06-03 16:34:29.288 [main] INFO  com.tcs.testCases.LoginTest -
                    TestLogin is running
2022-06-03 16:34:29.570 [main] INFO  com.tcs.PageObjects.LoginPage -
                    Entered username
2022-06-03 16:34:29.791 [main] INFO  com.tcs.PageObjects.LoginPage -
                    Entered password
2022-06-03 16:34:33.000 [main] INFO  com.tcs.PageObjects.LoginPage -
                    Submit button clicked
2022-06-03 16:34:35.467 [main] INFO  com.tcs.PageObjects.LoginPage -
                    Submit button clicked
2022-06-03 16:48:31.921 [main] INFO  com.tcs.testCases.LoginTest -
                    TestLogin is running
2022-06-03 16:48:32.264 [main] INFO  com.tcs.PageObjects.LoginPage -
                    Entered username
2022-06-03 16:48:32.502 [main] INFO  com.tcs.PageObjects.LoginPage -
                    Entered password
2022-06-03 16:48:34.507 [main] INFO  com.tcs.PageObjects.LoginPage -
                    Submit button clicked
2022-06-03 16:48:38.206 [main] INFO  com.tcs.PageObjects.LoginPage -
                    Submit button clicked
2022-06-03 16:49:24.197 [main] INFO  com.tcs.testCases.LoginTest -
                    TestLogin is running
2022-06-03 16:49:24.476 [main] INFO  com.tcs.PageObjects.LoginPage -
                    Entered username
2022-06-03 16:49:24.742 [main] INFO  com.tcs.PageObjects.LoginPage -
                    Entered password
2022-06-03 16:49:26.156 [main] INFO  com.tcs.PageObjects.LoginPage -
                    Submit button clicked
2022-06-03 16:49:29.351 [main] INFO  com.tcs.PageObjects.LoginPage -
                    Submit button clicked
2022-06-03 17:51:03.652 [main] INFO  com.tcs.testCases.LoginTest -
                    TestLogin is running
2022-06-03 17:51:03.834 [main] INFO  com.tcs.PageObjects.LoginPage -
                    Entered username
2022-06-03 17:51:04.012 [main] INFO  com.tcs.PageObjects.LoginPage -
                    Entered password
2022-06-03 17:51:06.671 [main] INFO  com.tcs.PageObjects.LoginPage -
                    Submit button clicked
2022-06-03 17:55:06.585 [main] INFO  com.tcs.testCases.LoginTest -
                    TestLogin is running
2022-06-03 17:55:06.782 [main] INFO  com.tcs.PageObjects.LoginPage -
                    Entered username
2022-06-03 17:55:06.992 [main] INFO  com.tcs.PageObjects.LoginPage -
                    Entered password
2022-06-03 17:55:08.327 [main] INFO  com.tcs.PageObjects.LoginPage -
                    Submit button clicked
2022-06-03 17:55:09.809 [main] INFO  com.tcs.PageObjects.LoginPage -
                    Submit button clicked
